GROUP,PACKAGE,CLASS,INSTRUCTION_MISSED,INSTRUCTION_COVERED,BRANCH_MISSED,BRANCH_COVERED,LINE_MISSED,LINE_COVERED,COMPLEXITY_MISSED,COMPLEXITY_COVERED,METHOD_MISSED,METHOD_COVERED
demo,com.example.volunteerMatching.models,Volunteer,20,33,0,0,5,12,5,6,5,6
demo,com.example.volunteerMatching.models,Notification,46,3,0,0,15,1,10,1,10,1
demo,com.example.volunteerMatching.models,Event,24,39,0,0,6,14,6,7,6,7
demo,com.example.volunteerMatching.models,VolHistory,76,3,0,0,24,1,16,1,16,1
demo,com.example.volunteerMatching.services,VolunteerService,0,18,0,0,0,5,0,3,0,3
demo,com.example.volunteerMatching.services,EventService,0,18,0,0,0,5,0,3,0,3
demo,com.example.volunteerMatching.services,NotificationService,23,3,0,0,4,1,3,1,3,1
demo,com.example.volunteerMatching.services,MatchService,13,116,5,7,1,31,5,6,1,4
demo,com.example.volunteerMatching.services,VolHistoryService,20,6,0,0,5,3,4,1,4,1
demo,com.example.volunteerMatching,Application,5,3,0,0,2,1,1,1,1,1
demo,com.example.volunteerMatching.controllers,MatchController,0,47,3,5,0,10,3,4,0,3
demo,com.example.volunteerMatching.controllers,VolHistoryController,40,6,2,0,9,3,6,1,5,1
demo,com.example.volunteerMatching.controllers,NotificationController,22,3,0,0,5,1,3,1,3,1
demo,com.example.volunteerMatching.controllers,EventController,0,15,0,0,0,5,0,3,0,3
demo,com.example.volunteerMatching.controllers,VolunteerController,0,15,0,0,0,5,0,3,0,3
